Base path: /dcs/project/ivvrgrp/Unity2017/unity-editor-2017.2.0f1/Editor/Data
Cmd: initializeCompiler
Cmd: disassembleShader
  api=15 insize=15756 outsize=15756 ok=1
Cmd: disassembleShader
  api=15 insize=16777 outsize=16777 ok=1
Cmd: disassembleShader
  api=15 insize=16216 outsize=16216 ok=1
Cmd: disassembleShader
  api=15 insize=17071 outsize=17071 ok=1
Cmd: disassembleShader
  api=18 insize=12196 outsize=134122 ok=1
Cmd: compileSnippet
  api=18 type=0 insize=1468 outsize=10724 kw=DIRECTIONAL DIRLIGHTMAP_COMBINED DYNAMICLIGHTMAP_ON VERTEXLIGHT_ON pd=UNITY_ENABLE_REFLECTION_BUFFERS UNITY_USE_DITHER_MASK_FOR_ALPHABLENDED_SHADOWS UNITY_PBS_USE_BRDF1 UNITY_SPECCUBE_BOX_PROJECTION UNITY_SPECCUBE_BLENDING UNITY_ENABLE_DETAIL_NORMALMAP SHADER_API_DESKTOP UNITY_LIGHT_PROBE_PROXY_VOLUME ok=1
Cmd: disassembleShader
  api=18 insize=10724 outsize=120760 ok=1
Cmd: disassembleShader
  api=15 insize=0 outsize=57 ok=1
Cmd: disassembleShader
  api=15 insize=0 outsize=57 ok=1
Cmd: disassembleShader
  api=15 insize=0 outsize=57 ok=1
Cmd: disassembleShader
  api=15 insize=9036 outsize=9036 ok=1
Cmd: disassembleShader
  api=15 insize=9343 outsize=9343 ok=1
Cmd: disassembleShader
  api=18 insize=7770 outsize=83382 ok=1
Cmd: disassembleShader
  api=15 insize=9746 outsize=9746 ok=1
Cmd: disassembleShader
  api=18 insize=7268 outsize=78115 ok=1
Cmd: disassembleShader
  api=15 insize=10664 outsize=10664 ok=1
Cmd: disassembleShader
  api=15 insize=0 outsize=57 ok=1
Cmd: disassembleShader
  api=15 insize=0 outsize=57 ok=1
Cmd: disassembleShader
  api=15 insize=0 outsize=57 ok=1
Cmd: disassembleShader
  api=15 insize=0 outsize=57 ok=1
Cmd: disassembleShader
  api=15 insize=0 outsize=57 ok=1
Cmd: disassembleShader
  api=15 insize=0 outsize=57 ok=1
Cmd: disassembleShader
  api=15 insize=0 outsize=57 ok=1
Cmd: disassembleShader
  api=15 insize=2591 outsize=2591 ok=1
